<?xml version="1.0" encoding="UTF-8"?>
<testsuite xmlns:xsi="http://www.w3.org/2001/XMLSchema-instance" xsi:noNamespaceSchemaLocation="https://maven.apache.org/surefire/maven-surefire-plugin/xsd/surefire-test-report.xsd" name="br.com.inter.testejava.TesteJavaApplicationTests" time="5.997" tests="12" errors="0" skipped="0" failures="0">
  <properties>
    <property name="sun.desktop" value="gnome"/>
    <property name="awt.toolkit" value="sun.awt.X11.XToolkit"/>
    <property name="file.encoding.pkg" value="sun.io"/>
    <property name="java.specification.version" value="1.8"/>
    <property name="sun.cpu.isalist" value=""/>
    <property name="sun.jnu.encoding" value="UTF-8"/>
    <property name="java.class.path" value="/home/marcel.silva/teste-java/target/test-classes:/home/marcel.silva/teste-java/target/classes:/home/marcel.silva/.m2/repository/org/springframework/boot/spring-boot-starter-actuator/2.4.2/spring-boot-starter-actuator-2.4.2.jar:/home/marcel.silva/.m2/repository/org/springframework/boot/spring-boot-starter/2.4.2/spring-boot-starter-2.4.2.jar:/home/marcel.silva/.m2/repository/org/springframework/boot/spring-boot-starter-logging/2.4.2/spring-boot-starter-logging-2.4.2.jar:/home/marcel.silva/.m2/repository/ch/qos/logback/logback-classic/1.2.3/logback-classic-1.2.3.jar:/home/marcel.silva/.m2/repository/ch/qos/logback/logback-core/1.2.3/logback-core-1.2.3.jar:/home/marcel.silva/.m2/repository/org/apache/logging/log4j/log4j-to-slf4j/2.13.3/log4j-to-slf4j-2.13.3.jar:/home/marcel.silva/.m2/repository/org/apache/logging/log4j/log4j-api/2.13.3/log4j-api-2.13.3.jar:/home/marcel.silva/.m2/repository/org/slf4j/jul-to-slf4j/1.7.30/jul-to-slf4j-1.7.30.jar:/home/marcel.silva/.m2/repository/jakarta/annotation/jakarta.annotation-api/1.3.5/jakarta.annotation-api-1.3.5.jar:/home/marcel.silva/.m2/repository/org/yaml/snakeyaml/1.27/snakeyaml-1.27.jar:/home/marcel.silva/.m2/repository/org/springframework/boot/spring-boot-actuator-autoconfigure/2.4.2/spring-boot-actuator-autoconfigure-2.4.2.jar:/home/marcel.silva/.m2/repository/org/springframework/boot/spring-boot-actuator/2.4.2/spring-boot-actuator-2.4.2.jar:/home/marcel.silva/.m2/repository/com/fasterxml/jackson/core/jackson-databind/2.11.4/jackson-databind-2.11.4.jar:/home/marcel.silva/.m2/repository/com/fasterxml/jackson/core/jackson-annotations/2.11.4/jackson-annotations-2.11.4.jar:/home/marcel.silva/.m2/repository/com/fasterxml/jackson/core/jackson-core/2.11.4/jackson-core-2.11.4.jar:/home/marcel.silva/.m2/repository/com/fasterxml/jackson/datatype/jackson-datatype-jsr310/2.11.4/jackson-datatype-jsr310-2.11.4.jar:/home/marcel.silva/.m2/repository/io/micrometer/micrometer-core/1.6.3/micrometer-core-1.6.3.jar:/home/marcel.silva/.m2/repository/org/hdrhistogram/HdrHistogram/2.1.12/HdrHistogram-2.1.12.jar:/home/marcel.silva/.m2/repository/org/latencyutils/LatencyUtils/2.0.3/LatencyUtils-2.0.3.jar:/home/marcel.silva/.m2/repository/org/springframework/boot/spring-boot-starter-web/2.4.2/spring-boot-starter-web-2.4.2.jar:/home/marcel.silva/.m2/repository/org/springframework/boot/spring-boot-starter-json/2.4.2/spring-boot-starter-json-2.4.2.jar:/home/marcel.silva/.m2/repository/com/fasterxml/jackson/datatype/jackson-datatype-jdk8/2.11.4/jackson-datatype-jdk8-2.11.4.jar:/home/marcel.silva/.m2/repository/com/fasterxml/jackson/module/jackson-module-parameter-names/2.11.4/jackson-module-parameter-names-2.11.4.jar:/home/marcel.silva/.m2/repository/org/springframework/boot/spring-boot-starter-tomcat/2.4.2/spring-boot-starter-tomcat-2.4.2.jar:/home/marcel.silva/.m2/repository/org/apache/tomcat/embed/tomcat-embed-core/9.0.41/tomcat-embed-core-9.0.41.jar:/home/marcel.silva/.m2/repository/org/glassfish/jakarta.el/3.0.3/jakarta.el-3.0.3.jar:/home/marcel.silva/.m2/repository/org/apache/tomcat/embed/tomcat-embed-websocket/9.0.41/tomcat-embed-websocket-9.0.41.jar:/home/marcel.silva/.m2/repository/org/springframework/spring-web/5.3.3/spring-web-5.3.3.jar:/home/marcel.silva/.m2/repository/org/springframework/spring-beans/5.3.3/spring-beans-5.3.3.jar:/home/marcel.silva/.m2/repository/org/springframework/spring-webmvc/5.3.3/spring-webmvc-5.3.3.jar:/home/marcel.silva/.m2/repository/org/springframework/spring-aop/5.3.3/spring-aop-5.3.3.jar:/home/marcel.silva/.m2/repository/org/springframework/spring-context/5.3.3/spring-context-5.3.3.jar:/home/marcel.silva/.m2/repository/org/springframework/spring-expression/5.3.3/spring-expression-5.3.3.jar:/home/marcel.silva/.m2/repository/org/springframework/boot/spring-boot-starter-data-jpa/2.4.2/spring-boot-starter-data-jpa-2.4.2.jar:/home/marcel.silva/.m2/repository/org/springframework/boot/spring-boot-starter-aop/2.4.2/spring-boot-starter-aop-2.4.2.jar:/home/marcel.silva/.m2/repository/org/aspectj/aspectjweaver/1.9.6/aspectjweaver-1.9.6.jar:/home/marcel.silva/.m2/repository/org/springframework/boot/spring-boot-starter-jdbc/2.4.2/spring-boot-starter-jdbc-2.4.2.jar:/home/marcel.silva/.m2/repository/com/zaxxer/HikariCP/3.4.5/HikariCP-3.4.5.jar:/home/marcel.silva/.m2/repository/org/springframework/spring-jdbc/5.3.3/spring-jdbc-5.3.3.jar:/home/marcel.silva/.m2/repository/jakarta/transaction/jakarta.transaction-api/1.3.3/jakarta.transaction-api-1.3.3.jar:/home/marcel.silva/.m2/repository/jakarta/persistence/jakarta.persistence-api/2.2.3/jakarta.persistence-api-2.2.3.jar:/home/marcel.silva/.m2/repository/org/hibernate/hibernate-core/5.4.27.Final/hibernate-core-5.4.27.Final.jar:/home/marcel.silva/.m2/repository/org/jboss/logging/jboss-logging/3.4.1.Final/jboss-logging-3.4.1.Final.jar:/home/marcel.silva/.m2/repository/org/javassist/javassist/3.27.0-GA/javassist-3.27.0-GA.jar:/home/marcel.silva/.m2/repository/net/bytebuddy/byte-buddy/1.10.19/byte-buddy-1.10.19.jar:/home/marcel.silva/.m2/repository/antlr/antlr/2.7.7/antlr-2.7.7.jar:/home/marcel.silva/.m2/repository/org/jboss/jandex/2.1.3.Final/jandex-2.1.3.Final.jar:/home/marcel.silva/.m2/repository/org/dom4j/dom4j/2.1.3/dom4j-2.1.3.jar:/home/marcel.silva/.m2/repository/org/hibernate/common/hibernate-commons-annotations/5.1.2.Final/hibernate-commons-annotations-5.1.2.Final.jar:/home/marcel.silva/.m2/repository/org/glassfish/jaxb/jaxb-runtime/2.3.3/jaxb-runtime-2.3.3.jar:/home/marcel.silva/.m2/repository/org/glassfish/jaxb/txw2/2.3.3/txw2-2.3.3.jar:/home/marcel.silva/.m2/repository/com/sun/istack/istack-commons-runtime/3.0.11/istack-commons-runtime-3.0.11.jar:/home/marcel.silva/.m2/repository/com/sun/activation/jakarta.activation/1.2.2/jakarta.activation-1.2.2.jar:/home/marcel.silva/.m2/repository/org/springframework/data/spring-data-jpa/2.4.3/spring-data-jpa-2.4.3.jar:/home/marcel.silva/.m2/repository/org/springframework/data/spring-data-commons/2.4.3/spring-data-commons-2.4.3.jar:/home/marcel.silva/.m2/repository/org/springframework/spring-orm/5.3.3/spring-orm-5.3.3.jar:/home/marcel.silva/.m2/repository/org/springframework/spring-tx/5.3.3/spring-tx-5.3.3.jar:/home/marcel.silva/.m2/repository/org/springframework/spring-aspects/5.3.3/spring-aspects-5.3.3.jar:/home/marcel.silva/.m2/repository/org/springframework/boot/spring-boot-devtools/2.4.2/spring-boot-devtools-2.4.2.jar:/home/marcel.silva/.m2/repository/org/springframework/boot/spring-boot/2.4.2/spring-boot-2.4.2.jar:/home/marcel.silva/.m2/repository/org/springframework/boot/spring-boot-autoconfigure/2.4.2/spring-boot-autoconfigure-2.4.2.jar:/home/marcel.silva/.m2/repository/javax/validation/validation-api/2.0.1.Final/validation-api-2.0.1.Final.jar:/home/marcel.silva/.m2/repository/com/h2database/h2/1.4.200/h2-1.4.200.jar:/home/marcel.silva/.m2/repository/org/bitbucket/b_c/jose4j/0.7.4/jose4j-0.7.4.jar:/home/marcel.silva/.m2/repository/org/slf4j/slf4j-api/1.7.30/slf4j-api-1.7.30.jar:/home/marcel.silva/.m2/repository/org/projectlombok/lombok/1.18.16/lombok-1.18.16.jar:/home/marcel.silva/.m2/repository/commons-collections/commons-collections/3.2.2/commons-collections-3.2.2.jar:/home/marcel.silva/.m2/repository/io/springfox/springfox-boot-starter/3.0.0/springfox-boot-starter-3.0.0.jar:/home/marcel.silva/.m2/repository/io/springfox/springfox-oas/3.0.0/springfox-oas-3.0.0.jar:/home/marcel.silva/.m2/repository/io/swagger/core/v3/swagger-annotations/2.1.2/swagger-annotations-2.1.2.jar:/home/marcel.silva/.m2/repository/io/swagger/core/v3/swagger-models/2.1.2/swagger-models-2.1.2.jar:/home/marcel.silva/.m2/repository/io/springfox/springfox-spi/3.0.0/springfox-spi-3.0.0.jar:/home/marcel.silva/.m2/repository/io/springfox/springfox-schema/3.0.0/springfox-schema-3.0.0.jar:/home/marcel.silva/.m2/repository/io/springfox/springfox-core/3.0.0/springfox-core-3.0.0.jar:/home/marcel.silva/.m2/repository/io/springfox/springfox-spring-web/3.0.0/springfox-spring-web-3.0.0.jar:/home/marcel.silva/.m2/repository/io/github/classgraph/classgraph/4.8.83/classgraph-4.8.83.jar:/home/marcel.silva/.m2/repository/io/springfox/springfox-spring-webmvc/3.0.0/springfox-spring-webmvc-3.0.0.jar:/home/marcel.silva/.m2/repository/io/springfox/springfox-spring-webflux/3.0.0/springfox-spring-webflux-3.0.0.jar:/home/marcel.silva/.m2/repository/io/springfox/springfox-swagger-common/3.0.0/springfox-swagger-common-3.0.0.jar:/home/marcel.silva/.m2/repository/org/mapstruct/mapstruct/1.3.1.Final/mapstruct-1.3.1.Final.jar:/home/marcel.silva/.m2/repository/io/springfox/springfox-data-rest/3.0.0/springfox-data-rest-3.0.0.jar:/home/marcel.silva/.m2/repository/io/springfox/springfox-bean-validators/3.0.0/springfox-bean-validators-3.0.0.jar:/home/marcel.silva/.m2/repository/io/springfox/springfox-swagger2/3.0.0/springfox-swagger2-3.0.0.jar:/home/marcel.silva/.m2/repository/io/swagger/swagger-annotations/1.5.20/swagger-annotations-1.5.20.jar:/home/marcel.silva/.m2/repository/io/swagger/swagger-models/1.5.20/swagger-models-1.5.20.jar:/home/marcel.silva/.m2/repository/io/springfox/springfox-swagger-ui/3.0.0/springfox-swagger-ui-3.0.0.jar:/home/marcel.silva/.m2/repository/com/fasterxml/classmate/1.5.1/classmate-1.5.1.jar:/home/marcel.silva/.m2/repository/org/springframework/plugin/spring-plugin-core/2.0.0.RELEASE/spring-plugin-core-2.0.0.RELEASE.jar:/home/marcel.silva/.m2/repository/org/springframework/plugin/spring-plugin-metadata/2.0.0.RELEASE/spring-plugin-metadata-2.0.0.RELEASE.jar:/home/marcel.silva/.m2/repository/org/springframework/boot/spring-boot-starter-test/2.4.2/spring-boot-starter-test-2.4.2.jar:/home/marcel.silva/.m2/repository/org/springframework/boot/spring-boot-test/2.4.2/spring-boot-test-2.4.2.jar:/home/marcel.silva/.m2/repository/org/springframework/boot/spring-boot-test-autoconfigure/2.4.2/spring-boot-test-autoconfigure-2.4.2.jar:/home/marcel.silva/.m2/repository/com/jayway/jsonpath/json-path/2.4.0/json-path-2.4.0.jar:/home/marcel.silva/.m2/repository/net/minidev/json-smart/2.3/json-smart-2.3.jar:/home/marcel.silva/.m2/repository/net/minidev/accessors-smart/1.2/accessors-smart-1.2.jar:/home/marcel.silva/.m2/repository/org/ow2/asm/asm/5.0.4/asm-5.0.4.jar:/home/marcel.silva/.m2/repository/jakarta/xml/bind/jakarta.xml.bind-api/2.3.3/jakarta.xml.bind-api-2.3.3.jar:/home/marcel.silva/.m2/repository/jakarta/activation/jakarta.activation-api/1.2.2/jakarta.activation-api-1.2.2.jar:/home/marcel.silva/.m2/repository/org/assertj/assertj-core/3.18.1/assertj-core-3.18.1.jar:/home/marcel.silva/.m2/repository/org/hamcrest/hamcrest/2.2/hamcrest-2.2.jar:/home/marcel.silva/.m2/repository/org/junit/jupiter/junit-jupiter/5.7.0/junit-jupiter-5.7.0.jar:/home/marcel.silva/.m2/repository/org/junit/jupiter/junit-jupiter-api/5.7.0/junit-jupiter-api-5.7.0.jar:/home/marcel.silva/.m2/repository/org/apiguardian/apiguardian-api/1.1.0/apiguardian-api-1.1.0.jar:/home/marcel.silva/.m2/repository/org/opentest4j/opentest4j/1.2.0/opentest4j-1.2.0.jar:/home/marcel.silva/.m2/repository/org/junit/platform/junit-platform-commons/1.7.0/junit-platform-commons-1.7.0.jar:/home/marcel.silva/.m2/repository/org/junit/jupiter/junit-jupiter-params/5.7.0/junit-jupiter-params-5.7.0.jar:/home/marcel.silva/.m2/repository/org/junit/jupiter/junit-jupiter-engine/5.7.0/junit-jupiter-engine-5.7.0.jar:/home/marcel.silva/.m2/repository/org/junit/platform/junit-platform-engine/1.7.0/junit-platform-engine-1.7.0.jar:/home/marcel.silva/.m2/repository/org/mockito/mockito-core/3.6.28/mockito-core-3.6.28.jar:/home/marcel.silva/.m2/repository/net/bytebuddy/byte-buddy-agent/1.10.19/byte-buddy-agent-1.10.19.jar:/home/marcel.silva/.m2/repository/org/objenesis/objenesis/3.1/objenesis-3.1.jar:/home/marcel.silva/.m2/repository/org/mockito/mockito-junit-jupiter/3.6.28/mockito-junit-jupiter-3.6.28.jar:/home/marcel.silva/.m2/repository/org/skyscreamer/jsonassert/1.5.0/jsonassert-1.5.0.jar:/home/marcel.silva/.m2/repository/com/vaadin/external/google/android-json/0.0.20131108.vaadin1/android-json-0.0.20131108.vaadin1.jar:/home/marcel.silva/.m2/repository/org/springframework/spring-core/5.3.3/spring-core-5.3.3.jar:/home/marcel.silva/.m2/repository/org/springframework/spring-jcl/5.3.3/spring-jcl-5.3.3.jar:/home/marcel.silva/.m2/repository/org/springframework/spring-test/5.3.3/spring-test-5.3.3.jar:/home/marcel.silva/.m2/repository/org/xmlunit/xmlunit-core/2.7.0/xmlunit-core-2.7.0.jar:"/>
    <property name="java.vm.vendor" value="Oracle Corporation"/>
    <property name="sun.arch.data.model" value="64"/>
    <property name="java.vendor.url" value="http://java.oracle.com/"/>
    <property name="user.timezone" value=""/>
    <property name="java.vm.specification.version" value="1.8"/>
    <property name="os.name" value="Linux"/>
    <property name="user.country" value="BR"/>
    <property name="sun.java.launcher" value="SUN_STANDARD"/>
    <property name="sun.boot.library.path" value="/home/marcel.silva/jdk1.8.0_241/jre/lib/amd64"/>
    <property name="sun.java.command" value="/home/marcel.silva/teste-java/target/surefire/surefirebooter8021667421934553333.jar /home/marcel.silva/teste-java/target/surefire 2021-01-24T23-20-33_273-jvmRun1 surefire6382461166176123954tmp surefire_07536093214202348011tmp"/>
    <property name="surefire.test.class.path" value="/home/marcel.silva/teste-java/target/test-classes:/home/marcel.silva/teste-java/target/classes:/home/marcel.silva/.m2/repository/org/springframework/boot/spring-boot-starter-actuator/2.4.2/spring-boot-starter-actuator-2.4.2.jar:/home/marcel.silva/.m2/repository/org/springframework/boot/spring-boot-starter/2.4.2/spring-boot-starter-2.4.2.jar:/home/marcel.silva/.m2/repository/org/springframework/boot/spring-boot-starter-logging/2.4.2/spring-boot-starter-logging-2.4.2.jar:/home/marcel.silva/.m2/repository/ch/qos/logback/logback-classic/1.2.3/logback-classic-1.2.3.jar:/home/marcel.silva/.m2/repository/ch/qos/logback/logback-core/1.2.3/logback-core-1.2.3.jar:/home/marcel.silva/.m2/repository/org/apache/logging/log4j/log4j-to-slf4j/2.13.3/log4j-to-slf4j-2.13.3.jar:/home/marcel.silva/.m2/repository/org/apache/logging/log4j/log4j-api/2.13.3/log4j-api-2.13.3.jar:/home/marcel.silva/.m2/repository/org/slf4j/jul-to-slf4j/1.7.30/jul-to-slf4j-1.7.30.jar:/home/marcel.silva/.m2/repository/jakarta/annotation/jakarta.annotation-api/1.3.5/jakarta.annotation-api-1.3.5.jar:/home/marcel.silva/.m2/repository/org/yaml/snakeyaml/1.27/snakeyaml-1.27.jar:/home/marcel.silva/.m2/repository/org/springframework/boot/spring-boot-actuator-autoconfigure/2.4.2/spring-boot-actuator-autoconfigure-2.4.2.jar:/home/marcel.silva/.m2/repository/org/springframework/boot/spring-boot-actuator/2.4.2/spring-boot-actuator-2.4.2.jar:/home/marcel.silva/.m2/repository/com/fasterxml/jackson/core/jackson-databind/2.11.4/jackson-databind-2.11.4.jar:/home/marcel.silva/.m2/repository/com/fasterxml/jackson/core/jackson-annotations/2.11.4/jackson-annotations-2.11.4.jar:/home/marcel.silva/.m2/repository/com/fasterxml/jackson/core/jackson-core/2.11.4/jackson-core-2.11.4.jar:/home/marcel.silva/.m2/repository/com/fasterxml/jackson/datatype/jackson-datatype-jsr310/2.11.4/jackson-datatype-jsr310-2.11.4.jar:/home/marcel.silva/.m2/repository/io/micrometer/micrometer-core/1.6.3/micrometer-core-1.6.3.jar:/home/marcel.silva/.m2/repository/org/hdrhistogram/HdrHistogram/2.1.12/HdrHistogram-2.1.12.jar:/home/marcel.silva/.m2/repository/org/latencyutils/LatencyUtils/2.0.3/LatencyUtils-2.0.3.jar:/home/marcel.silva/.m2/repository/org/springframework/boot/spring-boot-starter-web/2.4.2/spring-boot-starter-web-2.4.2.jar:/home/marcel.silva/.m2/repository/org/springframework/boot/spring-boot-starter-json/2.4.2/spring-boot-starter-json-2.4.2.jar:/home/marcel.silva/.m2/repository/com/fasterxml/jackson/datatype/jackson-datatype-jdk8/2.11.4/jackson-datatype-jdk8-2.11.4.jar:/home/marcel.silva/.m2/repository/com/fasterxml/jackson/module/jackson-module-parameter-names/2.11.4/jackson-module-parameter-names-2.11.4.jar:/home/marcel.silva/.m2/repository/org/springframework/boot/spring-boot-starter-tomcat/2.4.2/spring-boot-starter-tomcat-2.4.2.jar:/home/marcel.silva/.m2/repository/org/apache/tomcat/embed/tomcat-embed-core/9.0.41/tomcat-embed-core-9.0.41.jar:/home/marcel.silva/.m2/repository/org/glassfish/jakarta.el/3.0.3/jakarta.el-3.0.3.jar:/home/marcel.silva/.m2/repository/org/apache/tomcat/embed/tomcat-embed-websocket/9.0.41/tomcat-embed-websocket-9.0.41.jar:/home/marcel.silva/.m2/repository/org/springframework/spring-web/5.3.3/spring-web-5.3.3.jar:/home/marcel.silva/.m2/repository/org/springframework/spring-beans/5.3.3/spring-beans-5.3.3.jar:/home/marcel.silva/.m2/repository/org/springframework/spring-webmvc/5.3.3/spring-webmvc-5.3.3.jar:/home/marcel.silva/.m2/repository/org/springframework/spring-aop/5.3.3/spring-aop-5.3.3.jar:/home/marcel.silva/.m2/repository/org/springframework/spring-context/5.3.3/spring-context-5.3.3.jar:/home/marcel.silva/.m2/repository/org/springframework/spring-expression/5.3.3/spring-expression-5.3.3.jar:/home/marcel.silva/.m2/repository/org/springframework/boot/spring-boot-starter-data-jpa/2.4.2/spring-boot-starter-data-jpa-2.4.2.jar:/home/marcel.silva/.m2/repository/org/springframework/boot/spring-boot-starter-aop/2.4.2/spring-boot-starter-aop-2.4.2.jar:/home/marcel.silva/.m2/repository/org/aspectj/aspectjweaver/1.9.6/aspectjweaver-1.9.6.jar:/home/marcel.silva/.m2/repository/org/springframework/boot/spring-boot-starter-jdbc/2.4.2/spring-boot-starter-jdbc-2.4.2.jar:/home/marcel.silva/.m2/repository/com/zaxxer/HikariCP/3.4.5/HikariCP-3.4.5.jar:/home/marcel.silva/.m2/repository/org/springframework/spring-jdbc/5.3.3/spring-jdbc-5.3.3.jar:/home/marcel.silva/.m2/repository/jakarta/transaction/jakarta.transaction-api/1.3.3/jakarta.transaction-api-1.3.3.jar:/home/marcel.silva/.m2/repository/jakarta/persistence/jakarta.persistence-api/2.2.3/jakarta.persistence-api-2.2.3.jar:/home/marcel.silva/.m2/repository/org/hibernate/hibernate-core/5.4.27.Final/hibernate-core-5.4.27.Final.jar:/home/marcel.silva/.m2/repository/org/jboss/logging/jboss-logging/3.4.1.Final/jboss-logging-3.4.1.Final.jar:/home/marcel.silva/.m2/repository/org/javassist/javassist/3.27.0-GA/javassist-3.27.0-GA.jar:/home/marcel.silva/.m2/repository/net/bytebuddy/byte-buddy/1.10.19/byte-buddy-1.10.19.jar:/home/marcel.silva/.m2/repository/antlr/antlr/2.7.7/antlr-2.7.7.jar:/home/marcel.silva/.m2/repository/org/jboss/jandex/2.1.3.Final/jandex-2.1.3.Final.jar:/home/marcel.silva/.m2/repository/org/dom4j/dom4j/2.1.3/dom4j-2.1.3.jar:/home/marcel.silva/.m2/repository/org/hibernate/common/hibernate-commons-annotations/5.1.2.Final/hibernate-commons-annotations-5.1.2.Final.jar:/home/marcel.silva/.m2/repository/org/glassfish/jaxb/jaxb-runtime/2.3.3/jaxb-runtime-2.3.3.jar:/home/marcel.silva/.m2/repository/org/glassfish/jaxb/txw2/2.3.3/txw2-2.3.3.jar:/home/marcel.silva/.m2/repository/com/sun/istack/istack-commons-runtime/3.0.11/istack-commons-runtime-3.0.11.jar:/home/marcel.silva/.m2/repository/com/sun/activation/jakarta.activation/1.2.2/jakarta.activation-1.2.2.jar:/home/marcel.silva/.m2/repository/org/springframework/data/spring-data-jpa/2.4.3/spring-data-jpa-2.4.3.jar:/home/marcel.silva/.m2/repository/org/springframework/data/spring-data-commons/2.4.3/spring-data-commons-2.4.3.jar:/home/marcel.silva/.m2/repository/org/springframework/spring-orm/5.3.3/spring-orm-5.3.3.jar:/home/marcel.silva/.m2/repository/org/springframework/spring-tx/5.3.3/spring-tx-5.3.3.jar:/home/marcel.silva/.m2/repository/org/springframework/spring-aspects/5.3.3/spring-aspects-5.3.3.jar:/home/marcel.silva/.m2/repository/org/springframework/boot/spring-boot-devtools/2.4.2/spring-boot-devtools-2.4.2.jar:/home/marcel.silva/.m2/repository/org/springframework/boot/spring-boot/2.4.2/spring-boot-2.4.2.jar:/home/marcel.silva/.m2/repository/org/springframework/boot/spring-boot-autoconfigure/2.4.2/spring-boot-autoconfigure-2.4.2.jar:/home/marcel.silva/.m2/repository/javax/validation/validation-api/2.0.1.Final/validation-api-2.0.1.Final.jar:/home/marcel.silva/.m2/repository/com/h2database/h2/1.4.200/h2-1.4.200.jar:/home/marcel.silva/.m2/repository/org/bitbucket/b_c/jose4j/0.7.4/jose4j-0.7.4.jar:/home/marcel.silva/.m2/repository/org/slf4j/slf4j-api/1.7.30/slf4j-api-1.7.30.jar:/home/marcel.silva/.m2/repository/org/projectlombok/lombok/1.18.16/lombok-1.18.16.jar:/home/marcel.silva/.m2/repository/commons-collections/commons-collections/3.2.2/commons-collections-3.2.2.jar:/home/marcel.silva/.m2/repository/io/springfox/springfox-boot-starter/3.0.0/springfox-boot-starter-3.0.0.jar:/home/marcel.silva/.m2/repository/io/springfox/springfox-oas/3.0.0/springfox-oas-3.0.0.jar:/home/marcel.silva/.m2/repository/io/swagger/core/v3/swagger-annotations/2.1.2/swagger-annotations-2.1.2.jar:/home/marcel.silva/.m2/repository/io/swagger/core/v3/swagger-models/2.1.2/swagger-models-2.1.2.jar:/home/marcel.silva/.m2/repository/io/springfox/springfox-spi/3.0.0/springfox-spi-3.0.0.jar:/home/marcel.silva/.m2/repository/io/springfox/springfox-schema/3.0.0/springfox-schema-3.0.0.jar:/home/marcel.silva/.m2/repository/io/springfox/springfox-core/3.0.0/springfox-core-3.0.0.jar:/home/marcel.silva/.m2/repository/io/springfox/springfox-spring-web/3.0.0/springfox-spring-web-3.0.0.jar:/home/marcel.silva/.m2/repository/io/github/classgraph/classgraph/4.8.83/classgraph-4.8.83.jar:/home/marcel.silva/.m2/repository/io/springfox/springfox-spring-webmvc/3.0.0/springfox-spring-webmvc-3.0.0.jar:/home/marcel.silva/.m2/repository/io/springfox/springfox-spring-webflux/3.0.0/springfox-spring-webflux-3.0.0.jar:/home/marcel.silva/.m2/repository/io/springfox/springfox-swagger-common/3.0.0/springfox-swagger-common-3.0.0.jar:/home/marcel.silva/.m2/repository/org/mapstruct/mapstruct/1.3.1.Final/mapstruct-1.3.1.Final.jar:/home/marcel.silva/.m2/repository/io/springfox/springfox-data-rest/3.0.0/springfox-data-rest-3.0.0.jar:/home/marcel.silva/.m2/repository/io/springfox/springfox-bean-validators/3.0.0/springfox-bean-validators-3.0.0.jar:/home/marcel.silva/.m2/repository/io/springfox/springfox-swagger2/3.0.0/springfox-swagger2-3.0.0.jar:/home/marcel.silva/.m2/repository/io/swagger/swagger-annotations/1.5.20/swagger-annotations-1.5.20.jar:/home/marcel.silva/.m2/repository/io/swagger/swagger-models/1.5.20/swagger-models-1.5.20.jar:/home/marcel.silva/.m2/repository/io/springfox/springfox-swagger-ui/3.0.0/springfox-swagger-ui-3.0.0.jar:/home/marcel.silva/.m2/repository/com/fasterxml/classmate/1.5.1/classmate-1.5.1.jar:/home/marcel.silva/.m2/repository/org/springframework/plugin/spring-plugin-core/2.0.0.RELEASE/spring-plugin-core-2.0.0.RELEASE.jar:/home/marcel.silva/.m2/repository/org/springframework/plugin/spring-plugin-metadata/2.0.0.RELEASE/spring-plugin-metadata-2.0.0.RELEASE.jar:/home/marcel.silva/.m2/repository/org/springframework/boot/spring-boot-starter-test/2.4.2/spring-boot-starter-test-2.4.2.jar:/home/marcel.silva/.m2/repository/org/springframework/boot/spring-boot-test/2.4.2/spring-boot-test-2.4.2.jar:/home/marcel.silva/.m2/repository/org/springframework/boot/spring-boot-test-autoconfigure/2.4.2/spring-boot-test-autoconfigure-2.4.2.jar:/home/marcel.silva/.m2/repository/com/jayway/jsonpath/json-path/2.4.0/json-path-2.4.0.jar:/home/marcel.silva/.m2/repository/net/minidev/json-smart/2.3/json-smart-2.3.jar:/home/marcel.silva/.m2/repository/net/minidev/accessors-smart/1.2/accessors-smart-1.2.jar:/home/marcel.silva/.m2/repository/org/ow2/asm/asm/5.0.4/asm-5.0.4.jar:/home/marcel.silva/.m2/repository/jakarta/xml/bind/jakarta.xml.bind-api/2.3.3/jakarta.xml.bind-api-2.3.3.jar:/home/marcel.silva/.m2/repository/jakarta/activation/jakarta.activation-api/1.2.2/jakarta.activation-api-1.2.2.jar:/home/marcel.silva/.m2/repository/org/assertj/assertj-core/3.18.1/assertj-core-3.18.1.jar:/home/marcel.silva/.m2/repository/org/hamcrest/hamcrest/2.2/hamcrest-2.2.jar:/home/marcel.silva/.m2/repository/org/junit/jupiter/junit-jupiter/5.7.0/junit-jupiter-5.7.0.jar:/home/marcel.silva/.m2/repository/org/junit/jupiter/junit-jupiter-api/5.7.0/junit-jupiter-api-5.7.0.jar:/home/marcel.silva/.m2/repository/org/apiguardian/apiguardian-api/1.1.0/apiguardian-api-1.1.0.jar:/home/marcel.silva/.m2/repository/org/opentest4j/opentest4j/1.2.0/opentest4j-1.2.0.jar:/home/marcel.silva/.m2/repository/org/junit/platform/junit-platform-commons/1.7.0/junit-platform-commons-1.7.0.jar:/home/marcel.silva/.m2/repository/org/junit/jupiter/junit-jupiter-params/5.7.0/junit-jupiter-params-5.7.0.jar:/home/marcel.silva/.m2/repository/org/junit/jupiter/junit-jupiter-engine/5.7.0/junit-jupiter-engine-5.7.0.jar:/home/marcel.silva/.m2/repository/org/junit/platform/junit-platform-engine/1.7.0/junit-platform-engine-1.7.0.jar:/home/marcel.silva/.m2/repository/org/mockito/mockito-core/3.6.28/mockito-core-3.6.28.jar:/home/marcel.silva/.m2/repository/net/bytebuddy/byte-buddy-agent/1.10.19/byte-buddy-agent-1.10.19.jar:/home/marcel.silva/.m2/repository/org/objenesis/objenesis/3.1/objenesis-3.1.jar:/home/marcel.silva/.m2/repository/org/mockito/mockito-junit-jupiter/3.6.28/mockito-junit-jupiter-3.6.28.jar:/home/marcel.silva/.m2/repository/org/skyscreamer/jsonassert/1.5.0/jsonassert-1.5.0.jar:/home/marcel.silva/.m2/repository/com/vaadin/external/google/android-json/0.0.20131108.vaadin1/android-json-0.0.20131108.vaadin1.jar:/home/marcel.silva/.m2/repository/org/springframework/spring-core/5.3.3/spring-core-5.3.3.jar:/home/marcel.silva/.m2/repository/org/springframework/spring-jcl/5.3.3/spring-jcl-5.3.3.jar:/home/marcel.silva/.m2/repository/org/springframework/spring-test/5.3.3/spring-test-5.3.3.jar:/home/marcel.silva/.m2/repository/org/xmlunit/xmlunit-core/2.7.0/xmlunit-core-2.7.0.jar:"/>
    <property name="sun.cpu.endian" value="little"/>
    <property name="user.home" value="/home/marcel.silva"/>
    <property name="user.language" value="pt"/>
    <property name="java.specification.vendor" value="Oracle Corporation"/>
    <property name="java.home" value="/home/marcel.silva/jdk1.8.0_241/jre"/>
    <property name="basedir" value="/home/marcel.silva/teste-java"/>
    <property name="file.separator" value="/"/>
    <property name="line.separator" value="&#10;"/>
    <property name="java.vm.specification.vendor" value="Oracle Corporation"/>
    <property name="java.specification.name" value="Java Platform API Specification"/>
    <property name="java.awt.graphicsenv" value="sun.awt.X11GraphicsEnvironment"/>
    <property name="surefire.real.class.path" value="/home/marcel.silva/teste-java/target/surefire/surefirebooter8021667421934553333.jar"/>
    <property name="sun.boot.class.path" value="/home/marcel.silva/jdk1.8.0_241/jre/lib/resources.jar:/home/marcel.silva/jdk1.8.0_241/jre/lib/rt.jar:/home/marcel.silva/jdk1.8.0_241/jre/lib/sunrsasign.jar:/home/marcel.silva/jdk1.8.0_241/jre/lib/jsse.jar:/home/marcel.silva/jdk1.8.0_241/jre/lib/jce.jar:/home/marcel.silva/jdk1.8.0_241/jre/lib/charsets.jar:/home/marcel.silva/jdk1.8.0_241/jre/lib/jfr.jar:/home/marcel.silva/jdk1.8.0_241/jre/classes"/>
    <property name="sun.management.compiler" value="HotSpot 64-Bit Tiered Compilers"/>
    <property name="java.runtime.version" value="1.8.0_241-b07"/>
    <property name="user.name" value="marcel.silva"/>
    <property name="path.separator" value=":"/>
    <property name="os.version" value="4.15.0-134-generic"/>
    <property name="java.endorsed.dirs" value="/home/marcel.silva/jdk1.8.0_241/jre/lib/endorsed"/>
    <property name="java.runtime.name" value="Java(TM) SE Runtime Environment"/>
    <property name="file.encoding" value="UTF-8"/>
    <property name="java.vm.name" value="Java HotSpot(TM) 64-Bit Server VM"/>
    <property name="localRepository" value="/home/marcel.silva/.m2/repository"/>
    <property name="java.vendor.url.bug" value="http://bugreport.sun.com/bugreport/"/>
    <property name="java.io.tmpdir" value="/tmp"/>
    <property name="java.version" value="1.8.0_241"/>
    <property name="user.dir" value="/home/marcel.silva/teste-java"/>
    <property name="os.arch" value="amd64"/>
    <property name="java.vm.specification.name" value="Java Virtual Machine Specification"/>
    <property name="java.awt.printerjob" value="sun.print.PSPrinterJob"/>
    <property name="sun.os.patch.level" value="unknown"/>
    <property name="java.library.path" value="/usr/java/packages/lib/amd64:/usr/lib64:/lib64:/lib:/usr/lib"/>
    <property name="java.vm.info" value="mixed mode"/>
    <property name="java.vendor" value="Oracle Corporation"/>
    <property name="java.vm.version" value="25.241-b07"/>
    <property name="java.ext.dirs" value="/home/marcel.silva/jdk1.8.0_241/jre/lib/ext:/usr/java/packages/lib/ext"/>
    <property name="sun.io.unicode.encoding" value="UnicodeLittle"/>
    <property name="java.class.version" value="52.0"/>
  </properties>
  <testcase name="testDigitoUnico" classname="br.com.inter.testejava.TesteJavaApplicationTests" time="0.057"/>
  <testcase name="testCache" classname="br.com.inter.testejava.TesteJavaApplicationTests" time="0.006"/>
  <testcase name="testGetAllUsuarios" classname="br.com.inter.testejava.TesteJavaApplicationTests" time="0.155"/>
  <testcase name="testAddChavePublica" classname="br.com.inter.testejava.TesteJavaApplicationTests" time="0.201"/>
  <testcase name="testGetUsuarioById" classname="br.com.inter.testejava.TesteJavaApplicationTests" time="0.031"/>
  <testcase name="testGetUsuarioDigitosById" classname="br.com.inter.testejava.TesteJavaApplicationTests" time="0.004"/>
  <testcase name="testCreateUsuario" classname="br.com.inter.testejava.TesteJavaApplicationTests" time="0.005"/>
  <testcase name="testUpdateUsuario" classname="br.com.inter.testejava.TesteJavaApplicationTests" time="0.008"/>
  <testcase name="testCalculoDigito" classname="br.com.inter.testejava.TesteJavaApplicationTests" time="0.013"/>
  <testcase name="testDeleteUsuario" classname="br.com.inter.testejava.TesteJavaApplicationTests" time="0.01"/>
  <testcase name="testDeleteAllUsuarios" classname="br.com.inter.testejava.TesteJavaApplicationTests" time="0.009"/>
  <testcase name="testCriptografia" classname="br.com.inter.testejava.TesteJavaApplicationTests" time="0.013"/>
</testsuite>